<?xml version="1.0" encoding="UTF-8"?>
<!-- Generated by org.testng.reporters.JUnitReportReporter -->
<testsuite hostname="DESKTOP-NAM685B" failures="0" tests="1" name="pos.tests.products.product.UpdateProductTest" time="15.221" errors="0" timestamp="2024-06-26T11:12:29 ICT" skipped="0">
  <testcase classname="pos.tests.products.product.UpdateProductTest" name="updateProductTest" time="15.221"/>
  <system-out/>
</testsuite> <!-- pos.tests.products.product.UpdateProductTest -->
