<?xml version="1.0" encoding="UTF-8"?>
<!-- Generated by org.testng.reporters.JUnitReportReporter -->
<testsuite hostname="DESKTOP-NAM685B" failures="0" tests="3" name="pos.tests.usermanagement.rolespermissions.CreateRoleTest" time="58.409" errors="0" timestamp="2024-07-01T02:28:12 ICT" skipped="0">
  <testcase classname="pos.tests.usermanagement.rolespermissions.CreateRoleTest" name="createRoleTest" time="18.244"/>
  <system-out/>
  <testcase classname="pos.tests.usermanagement.rolespermissions.CreateRoleTest" name="createRoleTest" time="19.368"/>
  <system-out/>
  <testcase classname="pos.tests.usermanagement.rolespermissions.CreateRoleTest" name="createRoleTest" time="20.797"/>
  <system-out/>
</testsuite> <!-- pos.tests.usermanagement.rolespermissions.CreateRoleTest -->
