<?xml version="1.0" encoding="UTF-8"?>
<!-- Generated by org.testng.reporters.JUnitReportReporter -->
<testsuite hostname="DESKTOP-NAM685B" failures="0" tests="2" name="pos.tests.products.product.CreateProductTest" time="15.164" errors="0" timestamp="2024-05-06T02:50:40 ICT" skipped="0">
  <testcase classname="pos.tests.products.product.CreateProductTest" name="createProductTest" time="7.707"/>
  <system-out/>
  <testcase classname="pos.tests.products.product.CreateProductTest" name="createProductTest" time="7.457"/>
  <system-out/>
</testsuite> <!-- pos.tests.products.product.CreateProductTest -->
