<?xml version="1.0" encoding="UTF-8"?>
<!-- Generated by org.testng.reporters.JUnitReportReporter -->
<testsuite hostname="DESKTOP-NAM685B" failures="0" tests="3" name="pos.tests.logintest.LoginFailedTest" time="9.375" errors="0" timestamp="2024-05-06T03:06:36 ICT" skipped="0">
  <testcase classname="pos.tests.logintest.LoginFailedTest" name="loginFailureTest" time="2.730"/>
  <system-out/>
  <testcase classname="pos.tests.logintest.LoginFailedTest" name="loginFailureTest" time="3.448"/>
  <system-out/>
  <testcase classname="pos.tests.logintest.LoginFailedTest" name="loginFailureTest" time="3.197"/>
  <system-out/>
</testsuite> <!-- pos.tests.logintest.LoginFailedTest -->
