<?xml version="1.0" encoding="UTF-8"?>
<!-- Generated by org.testng.reporters.JUnitReportReporter -->
<testsuite hostname="DESKTOP-NAM685B" failures="0" tests="1" name="pos.tests.settings.currencies.VisibleCurrenciesTableTest" time="4.901" errors="0" timestamp="2024-07-01T02:43:19 ICT" skipped="0">
  <testcase classname="pos.tests.settings.currencies.VisibleCurrenciesTableTest" name="visibleCurrenciesTableTest" time="4.901"/>
  <system-out/>
</testsuite> <!-- pos.tests.settings.currencies.VisibleCurrenciesTableTest -->
