<?xml version="1.0" encoding="UTF-8"?>
<!-- Generated by org.testng.reporters.JUnitReportReporter -->
<testsuite hostname="DESKTOP-NAM685B" failures="0" tests="1" name="pos.tests.parties.customerstest.DeleteCustomerTest" time="7.998" errors="0" timestamp="2024-07-01T02:47:35 ICT" skipped="0">
  <testcase classname="pos.tests.parties.customerstest.DeleteCustomerTest" name="deleteCustomerTest" time="7.998"/>
  <system-out/>
</testsuite> <!-- pos.tests.parties.customerstest.DeleteCustomerTest -->
