<?xml version="1.0" encoding="UTF-8"?>
<!-- Generated by org.testng.reporters.JUnitReportReporter -->
<testsuite hostname="DESKTOP-NAM685B" failures="0" tests="4" name="pos.tests.settings.units.CreateUnitTest" time="29.930" errors="0" timestamp="2024-07-01T02:43:19 ICT" skipped="0">
  <testcase classname="pos.tests.settings.units.CreateUnitTest" name="createProductTest" time="7.852"/>
  <system-out/>
  <testcase classname="pos.tests.settings.units.CreateUnitTest" name="createProductTest" time="8.162"/>
  <system-out/>
  <testcase classname="pos.tests.settings.units.CreateUnitTest" name="createProductTest" time="7.055"/>
  <system-out/>
  <testcase classname="pos.tests.settings.units.CreateUnitTest" name="createProductTest" time="6.861"/>
  <system-out/>
</testsuite> <!-- pos.tests.settings.units.CreateUnitTest -->
