<?xml version="1.0" encoding="UTF-8"?>
<!-- Generated by org.testng.reporters.JUnitReportReporter -->
<testsuite hostname="DESKTOP-NAM685B" failures="0" tests="1" name="pos.tests.parties.customerstest.VisibleCustomerTableTest" time="6.621" errors="0" timestamp="2024-07-01T02:47:35 ICT" skipped="0">
  <testcase classname="pos.tests.parties.customerstest.VisibleCustomerTableTest" name="visibleCustomerTableTest" time="6.621"/>
  <system-out/>
</testsuite> <!-- pos.tests.parties.customerstest.VisibleCustomerTableTest -->
