<?xml version="1.0" encoding="UTF-8"?>
<!-- Generated by org.testng.reporters.JUnitReportReporter -->
<testsuite hostname="DESKTOP-NAM685B" failures="0" tests="20" name="pos.tests.products.product.CreateProductTest" time="386.278" errors="0" timestamp="2024-06-26T11:12:29 ICT" skipped="0">
  <testcase classname="pos.tests.products.product.CreateProductTest" name="createProductTest" time="18.496"/>
  <system-out/>
  <testcase classname="pos.tests.products.product.CreateProductTest" name="createProductTest" time="17.928"/>
  <system-out/>
  <testcase classname="pos.tests.products.product.CreateProductTest" name="createProductTest" time="18.279"/>
  <system-out/>
  <testcase classname="pos.tests.products.product.CreateProductTest" name="createProductTest" time="17.562"/>
  <system-out/>
  <testcase classname="pos.tests.products.product.CreateProductTest" name="createProductTest" time="17.946"/>
  <system-out/>
  <testcase classname="pos.tests.products.product.CreateProductTest" name="createProductTest" time="19.315"/>
  <system-out/>
  <testcase classname="pos.tests.products.product.CreateProductTest" name="createProductTest" time="18.072"/>
  <system-out/>
  <testcase classname="pos.tests.products.product.CreateProductTest" name="createProductTest" time="19.727"/>
  <system-out/>
  <testcase classname="pos.tests.products.product.CreateProductTest" name="createProductTest" time="17.761"/>
  <system-out/>
  <testcase classname="pos.tests.products.product.CreateProductTest" name="createProductTest" time="25.084"/>
  <system-out/>
  <testcase classname="pos.tests.products.product.CreateProductTest" name="createProductTest" time="19.369"/>
  <system-out/>
  <testcase classname="pos.tests.products.product.CreateProductTest" name="createProductTest" time="18.748"/>
  <system-out/>
  <testcase classname="pos.tests.products.product.CreateProductTest" name="createProductTest" time="19.155"/>
  <system-out/>
  <testcase classname="pos.tests.products.product.CreateProductTest" name="createProductTest" time="17.401"/>
  <system-out/>
  <testcase classname="pos.tests.products.product.CreateProductTest" name="createProductTest" time="18.180"/>
  <system-out/>
  <testcase classname="pos.tests.products.product.CreateProductTest" name="createProductTest" time="17.679"/>
  <system-out/>
  <testcase classname="pos.tests.products.product.CreateProductTest" name="createProductTest" time="25.437"/>
  <system-out/>
  <testcase classname="pos.tests.products.product.CreateProductTest" name="createProductTest" time="22.237"/>
  <system-out/>
  <testcase classname="pos.tests.products.product.CreateProductTest" name="createProductTest" time="20.611"/>
  <system-out/>
  <testcase classname="pos.tests.products.product.CreateProductTest" name="createProductTest" time="17.291"/>
  <system-out/>
</testsuite> <!-- pos.tests.products.product.CreateProductTest -->
