<?xml version="1.0" encoding="UTF-8"?>
<!-- Generated by org.testng.reporters.JUnitReportReporter -->
<testsuite hostname="DESKTOP-NAM685B" failures="0" tests="5" name="pos.tests.parties.supplierstest.CreateSupplierTest" time="68.153" errors="0" timestamp="2024-06-30T14:53:19 ICT" skipped="0">
  <testcase classname="pos.tests.parties.supplierstest.CreateSupplierTest" name="createSupplierTest" time="14.393"/>
  <system-out/>
  <testcase classname="pos.tests.parties.supplierstest.CreateSupplierTest" name="createSupplierTest" time="13.814"/>
  <system-out/>
  <testcase classname="pos.tests.parties.supplierstest.CreateSupplierTest" name="createSupplierTest" time="14.819"/>
  <system-out/>
  <testcase classname="pos.tests.parties.supplierstest.CreateSupplierTest" name="createSupplierTest" time="12.413"/>
  <system-out/>
  <testcase classname="pos.tests.parties.supplierstest.CreateSupplierTest" name="createSupplierTest" time="12.714"/>
  <system-out/>
</testsuite> <!-- pos.tests.parties.supplierstest.CreateSupplierTest -->
