<?xml version="1.0" encoding="UTF-8"?>
<!-- Generated by org.testng.reporters.JUnitReportReporter -->
<testsuite hostname="DESKTOP-NAM685B" failures="0" tests="1" name="pos.tests.products.product.UpdateProductTest" time="9.336" errors="0" timestamp="2024-07-01T02:58:46 ICT" skipped="0">
  <testcase classname="pos.tests.products.product.UpdateProductTest" name="updateProductTest" time="9.336"/>
  <system-out/>
</testsuite> <!-- pos.tests.products.product.UpdateProductTest -->
