<?xml version="1.0" encoding="UTF-8"?>
<!-- Generated by org.testng.reporters.JUnitReportReporter -->
<testsuite hostname="DESKTOP-NAM685B" failures="0" tests="3" name="pos.tests.login.LoginFailedTest" time="25.559" errors="0" timestamp="2024-07-11T13:34:56 ICT" skipped="0">
  <testcase classname="pos.tests.login.LoginFailedTest" name="loginFailureTest" time="9.331"/>
  <system-out/>
  <testcase classname="pos.tests.login.LoginFailedTest" name="loginFailureTest" time="8.173"/>
  <system-out/>
  <testcase classname="pos.tests.login.LoginFailedTest" name="loginFailureTest" time="8.055"/>
  <system-out/>
</testsuite> <!-- pos.tests.login.LoginFailedTest -->
