<?xml version="1.0" encoding="UTF-8"?>
<!-- Generated by org.testng.reporters.JUnitReportReporter -->
<testsuite hostname="DESKTOP-NAM685B" failures="0" tests="1" name="pos.tests.LoginTest" time="0.000" errors="0" timestamp="2024-05-04T11:21:13 ICT" skipped="1">
  <testcase classname="pos.tests.LoginTest" name="loginTest" time="0.000">
    <skipped/>
  </testcase> <!-- loginTest -->
  <system-out/>
</testsuite> <!-- pos.tests.LoginTest -->
