<?xml version="1.0" encoding="UTF-8"?>
<!-- Generated by org.testng.reporters.JUnitReportReporter -->
<testsuite hostname="DESKTOP-NAM685B" failures="0" tests="15" name="pos.tests.products.category.CreateCategoryTest" time="115.184" errors="0" timestamp="2024-05-11T02:51:03 ICT" skipped="0">
  <testcase classname="pos.tests.products.category.CreateCategoryTest" name="loginAndCreateCategoryTest" time="7.832"/>
  <system-out/>
  <testcase classname="pos.tests.products.category.CreateCategoryTest" name="loginAndCreateCategoryTest" time="7.247"/>
  <system-out/>
  <testcase classname="pos.tests.products.category.CreateCategoryTest" name="loginAndCreateCategoryTest" time="7.415"/>
  <system-out/>
  <testcase classname="pos.tests.products.category.CreateCategoryTest" name="loginAndCreateCategoryTest" time="7.891"/>
  <system-out/>
  <testcase classname="pos.tests.products.category.CreateCategoryTest" name="loginAndCreateCategoryTest" time="7.554"/>
  <system-out/>
  <testcase classname="pos.tests.products.category.CreateCategoryTest" name="loginAndCreateCategoryTest" time="7.173"/>
  <system-out/>
  <testcase classname="pos.tests.products.category.CreateCategoryTest" name="loginAndCreateCategoryTest" time="7.576"/>
  <system-out/>
  <testcase classname="pos.tests.products.category.CreateCategoryTest" name="loginAndCreateCategoryTest" time="7.520"/>
  <system-out/>
  <testcase classname="pos.tests.products.category.CreateCategoryTest" name="loginAndCreateCategoryTest" time="7.564"/>
  <system-out/>
  <testcase classname="pos.tests.products.category.CreateCategoryTest" name="loginAndCreateCategoryTest" time="7.303"/>
  <system-out/>
  <testcase classname="pos.tests.products.category.CreateCategoryTest" name="loginAndCreateCategoryTest" time="7.377"/>
  <system-out/>
  <testcase classname="pos.tests.products.category.CreateCategoryTest" name="loginAndCreateCategoryTest" time="7.215"/>
  <system-out/>
  <testcase classname="pos.tests.products.category.CreateCategoryTest" name="loginAndCreateCategoryTest" time="9.606"/>
  <system-out/>
  <testcase classname="pos.tests.products.category.CreateCategoryTest" name="loginAndCreateCategoryTest" time="8.104"/>
  <system-out/>
  <testcase classname="pos.tests.products.category.CreateCategoryTest" name="loginAndCreateCategoryTest" time="7.807"/>
  <system-out/>
</testsuite> <!-- pos.tests.products.category.CreateCategoryTest -->
