<?xml version="1.0" encoding="UTF-8"?>
<!-- Generated by org.testng.reporters.JUnitReportReporter -->
<testsuite hostname="DESKTOP-NAM685B" failures="0" tests="3" name="pos.tests.login.LoginFailedTest" time="22.276" errors="0" timestamp="2024-07-09T15:58:53 ICT" skipped="0">
  <testcase classname="pos.tests.login.LoginFailedTest" name="loginFailureTest" time="8.290"/>
  <system-out/>
  <testcase classname="pos.tests.login.LoginFailedTest" name="loginFailureTest" time="6.360"/>
  <system-out/>
  <testcase classname="pos.tests.login.LoginFailedTest" name="loginFailureTest" time="7.626"/>
  <system-out/>
</testsuite> <!-- pos.tests.login.LoginFailedTest -->
