<?xml version="1.0" encoding="UTF-8"?>
<!-- Generated by org.testng.reporters.JUnitReportReporter -->
<testsuite hostname="DESKTOP-NAM685B" failures="0" tests="10" name="pos.tests.expenses.expense.CreateExpenseTest" time="102.639" errors="0" timestamp="2024-06-30T14:53:19 ICT" skipped="0">
  <testcase classname="pos.tests.expenses.expense.CreateExpenseTest" name="createCustomerTest" time="10.105"/>
  <system-out/>
  <testcase classname="pos.tests.expenses.expense.CreateExpenseTest" name="createCustomerTest" time="9.961"/>
  <system-out/>
  <testcase classname="pos.tests.expenses.expense.CreateExpenseTest" name="createCustomerTest" time="10.152"/>
  <system-out/>
  <testcase classname="pos.tests.expenses.expense.CreateExpenseTest" name="createCustomerTest" time="10.177"/>
  <system-out/>
  <testcase classname="pos.tests.expenses.expense.CreateExpenseTest" name="createCustomerTest" time="10.526"/>
  <system-out/>
  <testcase classname="pos.tests.expenses.expense.CreateExpenseTest" name="createCustomerTest" time="10.777"/>
  <system-out/>
  <testcase classname="pos.tests.expenses.expense.CreateExpenseTest" name="createCustomerTest" time="10.551"/>
  <system-out/>
  <testcase classname="pos.tests.expenses.expense.CreateExpenseTest" name="createCustomerTest" time="10.147"/>
  <system-out/>
  <testcase classname="pos.tests.expenses.expense.CreateExpenseTest" name="createCustomerTest" time="10.006"/>
  <system-out/>
  <testcase classname="pos.tests.expenses.expense.CreateExpenseTest" name="createCustomerTest" time="10.237"/>
  <system-out/>
</testsuite> <!-- pos.tests.expenses.expense.CreateExpenseTest -->
