<?xml version="1.0" encoding="UTF-8"?>
<!-- Generated by org.testng.reporters.JUnitReportReporter -->
<testsuite hostname="DESKTOP-NAM685B" failures="0" tests="3" name="pos.tests.logintest.LoginFailedTest" time="12.331" errors="0" timestamp="2024-05-05T00:00:16 ICT" skipped="0">
  <testcase classname="pos.tests.logintest.LoginFailedTest" name="loginFailureTest" time="4.734"/>
  <system-out/>
  <testcase classname="pos.tests.logintest.LoginFailedTest" name="loginFailureTest" time="3.172"/>
  <system-out/>
  <testcase classname="pos.tests.logintest.LoginFailedTest" name="loginFailureTest" time="4.425"/>
  <system-out/>
</testsuite> <!-- pos.tests.logintest.LoginFailedTest -->
