<?xml version="1.0" encoding="UTF-8"?>
<!-- Generated by org.testng.reporters.JUnitReportReporter -->
<testsuite hostname="DESKTOP-NAM685B" failures="0" tests="3" name="pos.tests.login.LoginFailedTest" time="12.173" errors="0" timestamp="2024-07-01T02:20:30 ICT" skipped="0">
  <testcase classname="pos.tests.login.LoginFailedTest" name="loginFailureTest" time="5.081"/>
  <system-out/>
  <testcase classname="pos.tests.login.LoginFailedTest" name="loginFailureTest" time="3.399"/>
  <system-out/>
  <testcase classname="pos.tests.login.LoginFailedTest" name="loginFailureTest" time="3.693"/>
  <system-out/>
</testsuite> <!-- pos.tests.login.LoginFailedTest -->
