<?xml version="1.0" encoding="UTF-8"?>
<!-- Generated by org.testng.reporters.JUnitReportReporter -->
<testsuite hostname="DESKTOP-NAM685B" failures="0" tests="3" name="pos.tests.settings.currencies.CreateCurrencyTest" time="22.298" errors="0" timestamp="2024-07-01T02:43:19 ICT" skipped="0">
  <testcase classname="pos.tests.settings.currencies.CreateCurrencyTest" name="createProductTest" time="8.656"/>
  <system-out/>
  <testcase classname="pos.tests.settings.currencies.CreateCurrencyTest" name="createProductTest" time="7.055"/>
  <system-out/>
  <testcase classname="pos.tests.settings.currencies.CreateCurrencyTest" name="createProductTest" time="6.587"/>
  <system-out/>
</testsuite> <!-- pos.tests.settings.currencies.CreateCurrencyTest -->
