<?xml version="1.0" encoding="UTF-8"?>
<!-- Generated by org.testng.reporters.JUnitReportReporter -->
<testsuite hostname="DESKTOP-NAM685B" failures="0" tests="1" name="pos.tests.usermanagement.rolespermissions.UpdateRoleTest" time="10.234" errors="0" timestamp="2024-07-01T02:28:12 ICT" skipped="0">
  <testcase classname="pos.tests.usermanagement.rolespermissions.UpdateRoleTest" name="updateRoleTest" time="10.234"/>
  <system-out/>
</testsuite> <!-- pos.tests.usermanagement.rolespermissions.UpdateRoleTest -->
