<?xml version="1.0" encoding="UTF-8"?>
<!-- Generated by org.testng.reporters.JUnitReportReporter -->
<testsuite hostname="DESKTOP-NAM685B" failures="0" tests="2" name="pos.tests.logintest.LoginSuccessTest" time="7.016" errors="0" timestamp="2024-05-05T00:00:28 ICT" skipped="0">
  <testcase classname="pos.tests.logintest.LoginSuccessTest" name="loginSuccessTest" time="4.066"/>
  <system-out/>
  <testcase classname="pos.tests.logintest.LoginSuccessTest" name="loginSuccessTest" time="2.950"/>
  <system-out/>
</testsuite> <!-- pos.tests.logintest.LoginSuccessTest -->
