<?xml version="1.0" encoding="UTF-8"?>
<!-- Generated by org.testng.reporters.JUnitReportReporter -->
<testsuite hostname="DESKTOP-NAM685B" failures="0" tests="2" name="pos.tests.login.LoginSuccessTest" time="18.889" errors="0" timestamp="2024-07-09T15:58:53 ICT" skipped="0">
  <testcase classname="pos.tests.login.LoginSuccessTest" name="loginSuccessTest" time="10.754"/>
  <system-out/>
  <testcase classname="pos.tests.login.LoginSuccessTest" name="loginSuccessTest" time="8.135"/>
  <system-out/>
</testsuite> <!-- pos.tests.login.LoginSuccessTest -->
