<?xml version="1.0" encoding="UTF-8"?>
<!-- Generated by org.testng.reporters.JUnitReportReporter -->
<testsuite hostname="DESKTOP-NAM685B" failures="0" tests="3" name="pos.tests.products.CreateCategoryTest" time="26.483" errors="0" timestamp="2024-05-05T23:26:03 ICT" skipped="0">
  <testcase classname="pos.tests.products.CreateCategoryTest" name="loginAndCreateCategoryTest" time="8.016"/>
  <system-out/>
  <testcase classname="pos.tests.products.CreateCategoryTest" name="loginAndCreateCategoryTest" time="11.054"/>
  <system-out/>
  <testcase classname="pos.tests.products.CreateCategoryTest" name="loginAndCreateCategoryTest" time="7.413"/>
  <system-out/>
</testsuite> <!-- pos.tests.products.CreateCategoryTest -->
