<?xml version="1.0" encoding="UTF-8"?>
<!-- Generated by org.testng.reporters.JUnitReportReporter -->
<testsuite hostname="DESKTOP-NAM685B" failures="0" tests="2" name="pos.tests.login.LoginSuccessTest" time="18.578" errors="0" timestamp="2024-07-11T02:34:26 ICT" skipped="0">
  <testcase classname="pos.tests.login.LoginSuccessTest" name="loginSuccessTest" time="9.620"/>
  <system-out/>
  <testcase classname="pos.tests.login.LoginSuccessTest" name="loginSuccessTest" time="8.958"/>
  <system-out/>
</testsuite> <!-- pos.tests.login.LoginSuccessTest -->
