<?xml version="1.0" encoding="UTF-8"?>
<!-- Generated by org.testng.reporters.JUnitReportReporter -->
<testsuite hostname="DESKTOP-NAM685B" failures="0" tests="10" name="pos.tests.parties.customerstest.CreateCustomerTest" time="80.600" errors="0" timestamp="2024-07-01T02:47:35 ICT" skipped="0">
  <testcase classname="pos.tests.parties.customerstest.CreateCustomerTest" name="createCustomerTest" time="7.633"/>
  <system-out/>
  <testcase classname="pos.tests.parties.customerstest.CreateCustomerTest" name="createCustomerTest" time="7.476"/>
  <system-out/>
  <testcase classname="pos.tests.parties.customerstest.CreateCustomerTest" name="createCustomerTest" time="7.360"/>
  <system-out/>
  <testcase classname="pos.tests.parties.customerstest.CreateCustomerTest" name="createCustomerTest" time="7.091"/>
  <system-out/>
  <testcase classname="pos.tests.parties.customerstest.CreateCustomerTest" name="createCustomerTest" time="7.453"/>
  <system-out/>
  <testcase classname="pos.tests.parties.customerstest.CreateCustomerTest" name="createCustomerTest" time="8.481"/>
  <system-out/>
  <testcase classname="pos.tests.parties.customerstest.CreateCustomerTest" name="createCustomerTest" time="9.496"/>
  <system-out/>
  <testcase classname="pos.tests.parties.customerstest.CreateCustomerTest" name="createCustomerTest" time="8.679"/>
  <system-out/>
  <testcase classname="pos.tests.parties.customerstest.CreateCustomerTest" name="createCustomerTest" time="8.735"/>
  <system-out/>
  <testcase classname="pos.tests.parties.customerstest.CreateCustomerTest" name="createCustomerTest" time="8.196"/>
  <system-out/>
</testsuite> <!-- pos.tests.parties.customerstest.CreateCustomerTest -->
