<?xml version="1.0" encoding="UTF-8"?>
<!-- Generated by org.testng.reporters.JUnitReportReporter -->
<testsuite hostname="DESKTOP-NAM685B" failures="0" tests="1" name="pos.tests.products.category.DeleteCategoryTest" time="6.664" errors="0" timestamp="2024-05-06T03:07:31 ICT" skipped="0">
  <testcase classname="pos.tests.products.category.DeleteCategoryTest" name="deleteCategory" time="6.664"/>
  <system-out/>
</testsuite> <!-- pos.tests.products.category.DeleteCategoryTest -->
