<?xml version="1.0" encoding="UTF-8"?>
<!-- Generated by org.testng.reporters.JUnitReportReporter -->
<testsuite hostname="DESKTOP-NAM685B" failures="0" tests="1" name="pos.tests.settings.units.VisibleUnitsTableTest" time="5.805" errors="0" timestamp="2024-07-01T02:43:18 ICT" skipped="0">
  <testcase classname="pos.tests.settings.units.VisibleUnitsTableTest" name="visibleUnitsTableTest" time="5.805"/>
  <system-out/>
</testsuite> <!-- pos.tests.settings.units.VisibleUnitsTableTest -->
