<?xml version="1.0" encoding="UTF-8"?>
<!-- Generated by org.testng.reporters.JUnitReportReporter -->
<testsuite hostname="DESKTOP-NAM685B" failures="0" tests="2" name="pos.tests.products.category.UpdateCategoryTest" time="19.744" errors="0" timestamp="2024-07-01T02:58:46 ICT" skipped="0">
  <testcase classname="pos.tests.products.category.UpdateCategoryTest" name="updateCategorySuccessTest" time="9.813"/>
  <system-out/>
  <testcase classname="pos.tests.products.category.UpdateCategoryTest" name="updateCategoryFailedTest" time="9.931"/>
  <system-out/>
</testsuite> <!-- pos.tests.products.category.UpdateCategoryTest -->
