<?xml version="1.0" encoding="UTF-8"?>
<!-- Generated by org.testng.reporters.JUnitReportReporter -->
<testsuite hostname="DESKTOP-NAM685B" failures="0" tests="1" name="pos.tests.products.category.DeleteCategoryTest" time="8.686" errors="0" timestamp="2024-07-01T02:58:46 ICT" skipped="0">
  <testcase classname="pos.tests.products.category.DeleteCategoryTest" name="deleteCategory" time="8.686"/>
  <system-out/>
</testsuite> <!-- pos.tests.products.category.DeleteCategoryTest -->
