<?xml version="1.0" encoding="UTF-8"?>
<!-- Generated by org.testng.reporters.JUnitReportReporter -->
<testsuite hostname="DESKTOP-NAM685B" failures="0" tests="1" name="pos.tests.products.DeleteCategoryTest" time="46.090" errors="0" timestamp="2024-05-06T00:40:14 ICT" skipped="0">
  <testcase classname="pos.tests.products.DeleteCategoryTest" name="deleteCategory" time="46.090"/>
  <system-out/>
</testsuite> <!-- pos.tests.products.DeleteCategoryTest -->
