<?xml version="1.0" encoding="UTF-8"?>
<!-- Generated by org.testng.reporters.JUnitReportReporter -->
<testsuite hostname="DESKTOP-NAM685B" failures="0" tests="1" name="pos.tests.purchasereturns.DeletePurchaseReturnTest" time="11.313" errors="0" timestamp="2024-06-30T14:53:19 ICT" skipped="0">
  <testcase classname="pos.tests.purchasereturns.DeletePurchaseReturnTest" name="testDeletePurchase" time="11.313"/>
  <system-out/>
</testsuite> <!-- pos.tests.purchasereturns.DeletePurchaseReturnTest -->
