<?xml version="1.0" encoding="UTF-8"?>
<!-- Generated by org.testng.reporters.JUnitReportReporter -->
<testsuite hostname="DESKTOP-NAM685B" failures="0" tests="3" name="pos.tests.products.category.CreateCategoryTest" time="19.733" errors="0" timestamp="2024-05-06T03:06:01 ICT" skipped="0">
  <testcase classname="pos.tests.products.category.CreateCategoryTest" name="loginAndCreateCategoryTest" time="6.462"/>
  <system-out/>
  <testcase classname="pos.tests.products.category.CreateCategoryTest" name="loginAndCreateCategoryTest" time="6.704"/>
  <system-out/>
  <testcase classname="pos.tests.products.category.CreateCategoryTest" name="loginAndCreateCategoryTest" time="6.567"/>
  <system-out/>
</testsuite> <!-- pos.tests.products.category.CreateCategoryTest -->
