<?xml version="1.0" encoding="UTF-8"?>
<!-- Generated by org.testng.reporters.JUnitReportReporter -->
<testsuite hostname="DESKTOP-NAM685B" failures="0" tests="2" name="pos.tests.products.CreateCategoryTest" time="13.295" errors="0" timestamp="2024-05-05T00:01:16 ICT" skipped="0">
  <testcase classname="pos.tests.products.CreateCategoryTest" name="loginAndCreateCategoryTest" time="5.899"/>
  <system-out/>
  <testcase classname="pos.tests.products.CreateCategoryTest" name="loginAndCreateCategoryTest" time="7.396"/>
  <system-out/>
</testsuite> <!-- pos.tests.products.CreateCategoryTest -->
