<?xml version="1.0" encoding="UTF-8"?>
<!-- Generated by org.testng.reporters.JUnitReportReporter -->
<testsuite hostname="DESKTOP-NAM685B" failures="0" tests="1" name="pos.tests.products.product.UpdateProductTest" time="16.360" errors="0" timestamp="2024-05-28T17:31:31 ICT" skipped="0">
  <testcase classname="pos.tests.products.product.UpdateProductTest" name="updateProductTest" time="16.360"/>
  <system-out/>
</testsuite> <!-- pos.tests.products.product.UpdateProductTest -->
