<?xml version="1.0" encoding="UTF-8"?>
<!-- Generated by org.testng.reporters.JUnitReportReporter -->
<testsuite hostname="DESKTOP-NAM685B" failures="0" tests="1" name="common.OpenBrowser" time="0.011" errors="0" timestamp="2024-04-25T01:19:11 ICT" skipped="0">
  <testcase classname="common.OpenBrowser" name="test" time="0.011"/>
  <system-out/>
</testsuite> <!-- common.OpenBrowser -->
