<?xml version="1.0" encoding="UTF-8"?>
<!-- Generated by org.testng.reporters.JUnitReportReporter -->
<testsuite hostname="DESKTOP-NAM685B" failures="0" tests="1" name="pos.tests.products.product.UpdateProductTest" time="12.245" errors="0" timestamp="2024-05-07T17:13:03 ICT" skipped="0">
  <testcase classname="pos.tests.products.product.UpdateProductTest" name="updateProductTest" time="12.245"/>
  <system-out/>
</testsuite> <!-- pos.tests.products.product.UpdateProductTest -->
