<?xml version="1.0" encoding="UTF-8"?>
<!-- Generated by org.testng.reporters.JUnitReportReporter -->
<testsuite hostname="DESKTOP-NAM685B" failures="0" tests="3" name="pos.tests.usermanagement.rolespermissions.CreateRoleTest" time="64.921" errors="0" timestamp="2024-07-10T23:23:20 ICT" skipped="0">
  <testcase classname="pos.tests.usermanagement.rolespermissions.CreateRoleTest" name="createRoleTest" time="23.333"/>
  <system-out/>
  <testcase classname="pos.tests.usermanagement.rolespermissions.CreateRoleTest" name="createRoleTest" time="21.487"/>
  <system-out/>
  <testcase classname="pos.tests.usermanagement.rolespermissions.CreateRoleTest" name="createRoleTest" time="20.101"/>
  <system-out/>
</testsuite> <!-- pos.tests.usermanagement.rolespermissions.CreateRoleTest -->
