<?xml version="1.0" encoding="UTF-8"?>
<!-- Generated by org.testng.reporters.JUnitReportReporter -->
<testsuite hostname="DESKTOP-NAM685B" failures="0" tests="1" name="pos.tests.products.product.DeleteProductTest" time="16.965" errors="0" timestamp="2024-05-07T17:50:01 ICT" skipped="0">
  <testcase classname="pos.tests.products.product.DeleteProductTest" name="deleteProduct" time="16.965"/>
  <system-out/>
</testsuite> <!-- pos.tests.products.product.DeleteProductTest -->
