<?xml version="1.0" encoding="UTF-8"?>
<!-- Generated by org.testng.reporters.JUnitReportReporter -->
<testsuite hostname="DESKTOP-NAM685B" failures="0" tests="2" name="pos.tests.login.LoginSuccessTest" time="22.108" errors="0" timestamp="2024-07-11T13:34:56 ICT" skipped="0">
  <testcase classname="pos.tests.login.LoginSuccessTest" name="loginSuccessTest" time="11.506"/>
  <system-out/>
  <testcase classname="pos.tests.login.LoginSuccessTest" name="loginSuccessTest" time="10.602"/>
  <system-out/>
</testsuite> <!-- pos.tests.login.LoginSuccessTest -->
