<?xml version="1.0" encoding="UTF-8"?>
<!-- Generated by org.testng.reporters.JUnitReportReporter -->
<testsuite hostname="DESKTOP-NAM685B" failures="0" tests="2" name="pos.tests.products.category.UpdateCategoryTest" time="26.178" errors="0" timestamp="2024-06-26T11:12:29 ICT" skipped="0">
  <testcase classname="pos.tests.products.category.UpdateCategoryTest" name="updateCategorySuccessTest" time="12.589"/>
  <system-out/>
  <testcase classname="pos.tests.products.category.UpdateCategoryTest" name="updateCategoryFailedTest" time="13.589"/>
  <system-out/>
</testsuite> <!-- pos.tests.products.category.UpdateCategoryTest -->
