<?xml version="1.0" encoding="UTF-8"?>
<!-- Generated by org.testng.reporters.JUnitReportReporter -->
<testsuite hostname="DESKTOP-NAM685B" failures="0" tests="4" name="pos.tests.expenses.expensecategories.CreateExpenseCategoryTest" time="44.073" errors="0" timestamp="2024-06-30T14:53:19 ICT" skipped="0">
  <testcase classname="pos.tests.expenses.expensecategories.CreateExpenseCategoryTest" name="createCreateExpenseCategoryTest" time="11.314"/>
  <system-out/>
  <testcase classname="pos.tests.expenses.expensecategories.CreateExpenseCategoryTest" name="createCreateExpenseCategoryTest" time="11.009"/>
  <system-out/>
  <testcase classname="pos.tests.expenses.expensecategories.CreateExpenseCategoryTest" name="createCreateExpenseCategoryTest" time="11.033"/>
  <system-out/>
  <testcase classname="pos.tests.expenses.expensecategories.CreateExpenseCategoryTest" name="createCreateExpenseCategoryTest" time="10.717"/>
  <system-out/>
</testsuite> <!-- pos.tests.expenses.expensecategories.CreateExpenseCategoryTest -->
