<?xml version="1.0" encoding="UTF-8"?>
<!-- Generated by org.testng.reporters.JUnitReportReporter -->
<testsuite hostname="DESKTOP-NAM685B" failures="0" tests="6" name="pos.tests.usermanagement.users.CreateUserTest" time="68.214" errors="0" timestamp="2024-07-10T23:23:20 ICT" skipped="0">
  <testcase classname="pos.tests.usermanagement.users.CreateUserTest" name="createCustomerTest" time="11.252"/>
  <system-out/>
  <testcase classname="pos.tests.usermanagement.users.CreateUserTest" name="createCustomerTest" time="11.482"/>
  <system-out/>
  <testcase classname="pos.tests.usermanagement.users.CreateUserTest" name="createCustomerTest" time="11.300"/>
  <system-out/>
  <testcase classname="pos.tests.usermanagement.users.CreateUserTest" name="createCustomerTest" time="11.440"/>
  <system-out/>
  <testcase classname="pos.tests.usermanagement.users.CreateUserTest" name="createCustomerTest" time="11.470"/>
  <system-out/>
  <testcase classname="pos.tests.usermanagement.users.CreateUserTest" name="createCustomerTest" time="11.270"/>
  <system-out/>
</testsuite> <!-- pos.tests.usermanagement.users.CreateUserTest -->
