<?xml version="1.0" encoding="UTF-8"?>
<!-- Generated by org.testng.reporters.JUnitReportReporter -->
<testsuite hostname="DESKTOP-NAM685B" failures="0" tests="1" name="pos.tests.products.category.DeleteCategoryTest" time="11.799" errors="0" timestamp="2024-06-26T11:12:29 ICT" skipped="0">
  <testcase classname="pos.tests.products.category.DeleteCategoryTest" name="deleteCategory" time="11.799"/>
  <system-out/>
</testsuite> <!-- pos.tests.products.category.DeleteCategoryTest -->
