<?xml version="1.0" encoding="UTF-8"?>
<!-- Generated by org.testng.reporters.JUnitReportReporter -->
<testsuite hostname="DESKTOP-NAM685B" failures="0" tests="3" name="pos.tests.logintest.LoginFailedTest" time="11.680" errors="0" timestamp="2024-05-06T00:49:58 ICT" skipped="0">
  <testcase classname="pos.tests.logintest.LoginFailedTest" name="loginFailureTest" time="4.618"/>
  <system-out/>
  <testcase classname="pos.tests.logintest.LoginFailedTest" name="loginFailureTest" time="3.582"/>
  <system-out/>
  <testcase classname="pos.tests.logintest.LoginFailedTest" name="loginFailureTest" time="3.480"/>
  <system-out/>
</testsuite> <!-- pos.tests.logintest.LoginFailedTest -->
