<?xml version="1.0" encoding="UTF-8"?>
<!-- Generated by org.testng.reporters.JUnitReportReporter -->
<testsuite hostname="DESKTOP-NAM685B" failures="0" tests="1" name="pos.tests.usermanagement.rolespermissions.VisibleRolesTable" time="6.285" errors="0" timestamp="2024-07-01T02:28:12 ICT" skipped="0">
  <testcase classname="pos.tests.usermanagement.rolespermissions.VisibleRolesTable" name="visibleRolesTableTest" time="6.285"/>
  <system-out/>
</testsuite> <!-- pos.tests.usermanagement.rolespermissions.VisibleRolesTable -->
