<?xml version="1.0" encoding="UTF-8"?>
<!-- Generated by org.testng.reporters.JUnitReportReporter -->
<testsuite hostname="DESKTOP-NAM685B" failures="0" tests="1" name="pos.tests.settings.units.UpdateUnitTest" time="7.011" errors="0" timestamp="2024-07-01T02:43:19 ICT" skipped="0">
  <testcase classname="pos.tests.settings.units.UpdateUnitTest" name="updateUnitTest" time="7.011"/>
  <system-out/>
</testsuite> <!-- pos.tests.settings.units.UpdateUnitTest -->
