<?xml version="1.0" encoding="UTF-8"?>
<!-- Generated by org.testng.reporters.JUnitReportReporter -->
<testsuite hostname="DESKTOP-NAM685B" failures="0" tests="3" name="pos.tests.logintest.LoginFailedTest" time="13.465" errors="0" timestamp="2024-05-11T02:47:56 ICT" skipped="0">
  <testcase classname="pos.tests.logintest.LoginFailedTest" name="loginFailureTest" time="3.796"/>
  <system-out/>
  <testcase classname="pos.tests.logintest.LoginFailedTest" name="loginFailureTest" time="6.510"/>
  <system-out/>
  <testcase classname="pos.tests.logintest.LoginFailedTest" name="loginFailureTest" time="3.159"/>
  <system-out/>
</testsuite> <!-- pos.tests.logintest.LoginFailedTest -->
