<?xml version="1.0" encoding="UTF-8"?>
<!-- Generated by org.testng.reporters.JUnitReportReporter -->
<testsuite hostname="DESKTOP-NAM685B" failures="0" tests="4" name="pos.tests.dashboard.DashboardOverviewTest" time="33.751" errors="0" timestamp="2024-06-30T14:53:19 ICT" skipped="0">
  <testcase classname="pos.tests.dashboard.DashboardOverviewTest" name="testProfit" time="8.968"/>
  <system-out/>
  <testcase classname="pos.tests.dashboard.DashboardOverviewTest" name="testPurchasesReturn" time="9.221"/>
  <system-out/>
  <testcase classname="pos.tests.dashboard.DashboardOverviewTest" name="testRevenue" time="8.870"/>
  <system-out/>
  <testcase classname="pos.tests.dashboard.DashboardOverviewTest" name="testSalesReturn" time="6.692"/>
  <system-out/>
</testsuite> <!-- pos.tests.dashboard.DashboardOverviewTest -->
