<?xml version="1.0" encoding="UTF-8"?>
<!-- Generated by org.testng.reporters.JUnitReportReporter -->
<testsuite hostname="DESKTOP-NAM685B" failures="0" tests="2" name="pos.tests.login.LoginSuccessTest" time="15.886" errors="0" timestamp="2024-05-28T17:31:31 ICT" skipped="0">
  <testcase classname="pos.tests.login.LoginSuccessTest" name="loginSuccessTest" time="7.948"/>
  <system-out/>
  <testcase classname="pos.tests.login.LoginSuccessTest" name="loginSuccessTest" time="7.938"/>
  <system-out/>
</testsuite> <!-- pos.tests.login.LoginSuccessTest -->
