<?xml version="1.0" encoding="UTF-8"?>
<!-- Generated by org.testng.reporters.JUnitReportReporter -->
<testsuite hostname="DESKTOP-NAM685B" failures="0" tests="3" name="common.MyTest" time="0.012" errors="0" timestamp="2024-04-28T23:36:22 ICT" skipped="0">
  <testcase classname="common.MyTest" name="testMethod" time="0.009"/>
  <system-out/>
  <testcase classname="common.MyTest" name="testMethod" time="0.001"/>
  <system-out/>
  <testcase classname="common.MyTest" name="testMethod" time="0.002"/>
  <system-out/>
</testsuite> <!-- common.MyTest -->
