<?xml version="1.0" encoding="UTF-8"?>
<!-- Generated by org.testng.reporters.JUnitReportReporter -->
<testsuite hostname="DESKTOP-NAM685B" failures="0" tests="4" name="testng.NewTest" time="0.016" errors="0" timestamp="2024-04-25T04:38:11 ICT" skipped="0">
  <testcase classname="testng.NewTest" name="testWithDataProvider" time="0.004"/>
  <system-out/>
  <testcase classname="testng.NewTest" name="testWithDataProvider" time="0.009"/>
  <system-out/>
  <testcase classname="testng.NewTest" name="testWithParameters" time="0.002"/>
  <system-out/>
  <testcase classname="testng.NewTest" name="groupedTest" time="0.001"/>
  <system-out/>
</testsuite> <!-- testng.NewTest -->
