<?xml version="1.0" encoding="UTF-8"?>
<!-- Generated by org.testng.reporters.JUnitReportReporter -->
<testsuite hostname="DESKTOP-NAM685B" failures="0" tests="2" name="common.SpecificTest" time="0.017" errors="0" timestamp="2024-04-28T23:01:45 ICT" skipped="0">
  <testcase classname="common.SpecificTest" name="testFeatureOne" time="0.016"/>
  <system-out/>
  <testcase classname="common.SpecificTest" name="testFeatureTwo" time="0.001"/>
  <system-out/>
</testsuite> <!-- common.SpecificTest -->
