<?xml version="1.0" encoding="UTF-8"?>
<!-- Generated by org.testng.reporters.JUnitReportReporter -->
<testsuite hostname="DESKTOP-NAM685B" failures="0" tests="3" name="pos.tests.login.LoginFailedTest" time="16.484" errors="0" timestamp="2024-05-28T17:31:31 ICT" skipped="0">
  <testcase classname="pos.tests.login.LoginFailedTest" name="loginFailureTest" time="6.531"/>
  <system-out/>
  <testcase classname="pos.tests.login.LoginFailedTest" name="loginFailureTest" time="5.242"/>
  <system-out/>
  <testcase classname="pos.tests.login.LoginFailedTest" name="loginFailureTest" time="4.711"/>
  <system-out/>
</testsuite> <!-- pos.tests.login.LoginFailedTest -->
