<?xml version="1.0" encoding="UTF-8"?>
<!-- Generated by org.testng.reporters.JUnitReportReporter -->
<testsuite hostname="DESKTOP-NAM685B" failures="0" tests="3" name="testng.NewClass2" time="0.010" errors="0" timestamp="2024-04-25T03:59:00 ICT" skipped="0">
  <testcase classname="testng.NewClass2" name="aSlowTest1" time="0.000"/>
  <system-out/>
  <testcase classname="testng.NewClass2" name="aFastTest1" time="0.009"/>
  <system-out/>
  <testcase classname="testng.NewClass2" name="aMediumTest1" time="0.001"/>
  <system-out/>
</testsuite> <!-- testng.NewClass2 -->
