<?xml version="1.0" encoding="UTF-8"?>
<!-- Generated by org.testng.reporters.JUnitReportReporter -->
<testsuite hostname="DESKTOP-NAM685B" failures="0" tests="2" name="pos.tests.products.category.UpdateCategoryTest" time="32.253" errors="0" timestamp="2024-05-28T17:31:31 ICT" skipped="0">
  <testcase classname="pos.tests.products.category.UpdateCategoryTest" name="updateCategorySuccessTest" time="16.251"/>
  <system-out/>
  <testcase classname="pos.tests.products.category.UpdateCategoryTest" name="updateCategoryFailedTest" time="16.002"/>
  <system-out/>
</testsuite> <!-- pos.tests.products.category.UpdateCategoryTest -->
