<?xml version="1.0" encoding="UTF-8"?>
<!-- Generated by org.testng.reporters.JUnitReportReporter -->
<testsuite hostname="DESKTOP-NAM685B" failures="0" tests="1" name="pos.tests.settings.units.VisibleUnitsTableTest" time="10.144" errors="0" timestamp="2024-07-10T18:02:17 ICT" skipped="0">
  <testcase classname="pos.tests.settings.units.VisibleUnitsTableTest" name="visibleUnitsTableTest" time="10.144"/>
  <system-out/>
</testsuite> <!-- pos.tests.settings.units.VisibleUnitsTableTest -->
