<?xml version="1.0" encoding="UTF-8"?>
<!-- Generated by org.testng.reporters.JUnitReportReporter -->
<testsuite hostname="DESKTOP-NAM685B" failures="0" tests="1" name="pos.tests.sales.DeleteSaleTest" time="10.210" errors="0" timestamp="2024-07-10T18:02:17 ICT" skipped="0">
  <testcase classname="pos.tests.sales.DeleteSaleTest" name="testDeleteSale" time="10.210"/>
  <system-out/>
</testsuite> <!-- pos.tests.sales.DeleteSaleTest -->
