<?xml version="1.0" encoding="UTF-8"?>
<!-- Generated by org.testng.reporters.JUnitReportReporter -->
<testsuite hostname="DESKTOP-NAM685B" failures="0" tests="1" name="pos.tests.quotations.DeleteQuotationTest" time="11.467" errors="0" timestamp="2024-07-10T18:02:17 ICT" skipped="0">
  <testcase classname="pos.tests.quotations.DeleteQuotationTest" name="deleteProduct" time="11.467"/>
  <system-out/>
</testsuite> <!-- pos.tests.quotations.DeleteQuotationTest -->
