<?xml version="1.0" encoding="UTF-8"?>
<!-- Generated by org.testng.reporters.JUnitReportReporter -->
<testsuite hostname="DESKTOP-NAM685B" failures="0" tests="3" name="pos.tests.login.LoginFailedTest" time="27.882" errors="0" timestamp="2024-07-10T18:02:17 ICT" skipped="0">
  <testcase classname="pos.tests.login.LoginFailedTest" name="loginFailureTest" time="8.850"/>
  <system-out/>
  <testcase classname="pos.tests.login.LoginFailedTest" name="loginFailureTest" time="8.896"/>
  <system-out/>
  <testcase classname="pos.tests.login.LoginFailedTest" name="loginFailureTest" time="10.136"/>
  <system-out/>
</testsuite> <!-- pos.tests.login.LoginFailedTest -->
