<?xml version="1.0" encoding="UTF-8"?>
<!-- Generated by org.testng.reporters.JUnitReportReporter -->
<testsuite hostname="DESKTOP-NAM685B" failures="0" tests="4" name="pos.tests.settings.units.CreateUnitTest" time="62.567" errors="0" timestamp="2024-07-10T18:02:17 ICT" skipped="0">
  <testcase classname="pos.tests.settings.units.CreateUnitTest" name="createProductTest" time="19.641"/>
  <system-out/>
  <testcase classname="pos.tests.settings.units.CreateUnitTest" name="createProductTest" time="15.181"/>
  <system-out/>
  <testcase classname="pos.tests.settings.units.CreateUnitTest" name="createProductTest" time="15.320"/>
  <system-out/>
  <testcase classname="pos.tests.settings.units.CreateUnitTest" name="createProductTest" time="12.425"/>
  <system-out/>
</testsuite> <!-- pos.tests.settings.units.CreateUnitTest -->
