<?xml version="1.0" encoding="UTF-8"?>
<!-- Generated by org.testng.reporters.JUnitReportReporter -->
<testsuite hostname="DESKTOP-NAM685B" failures="0" tests="3" name="pos.tests.usermanagement.rolespermissions.CreateRoleTest" time="69.771" errors="0" timestamp="2024-07-10T18:02:17 ICT" skipped="0">
  <testcase classname="pos.tests.usermanagement.rolespermissions.CreateRoleTest" name="createRoleTest" time="26.972"/>
  <system-out/>
  <testcase classname="pos.tests.usermanagement.rolespermissions.CreateRoleTest" name="createRoleTest" time="22.420"/>
  <system-out/>
  <testcase classname="pos.tests.usermanagement.rolespermissions.CreateRoleTest" name="createRoleTest" time="20.379"/>
  <system-out/>
</testsuite> <!-- pos.tests.usermanagement.rolespermissions.CreateRoleTest -->
