<?xml version="1.0" encoding="UTF-8"?>
<!-- Generated by org.testng.reporters.JUnitReportReporter -->
<testsuite hostname="DESKTOP-NAM685B" failures="0" tests="3" name="pos.tests.settings.currencies.CreateCurrencyTest" time="37.778" errors="0" timestamp="2024-07-10T18:02:17 ICT" skipped="0">
  <testcase classname="pos.tests.settings.currencies.CreateCurrencyTest" name="createProductTest" time="13.261"/>
  <system-out/>
  <testcase classname="pos.tests.settings.currencies.CreateCurrencyTest" name="createProductTest" time="11.913"/>
  <system-out/>
  <testcase classname="pos.tests.settings.currencies.CreateCurrencyTest" name="createProductTest" time="12.604"/>
  <system-out/>
</testsuite> <!-- pos.tests.settings.currencies.CreateCurrencyTest -->
