<?xml version="1.0" encoding="UTF-8"?>
<!-- Generated by org.testng.reporters.JUnitReportReporter -->
<testsuite hostname="DESKTOP-NAM685B" failures="0" tests="10" name="pos.tests.expenses.expense.CreateExpenseTest" time="135.277" errors="0" timestamp="2024-07-10T18:02:17 ICT" skipped="0">
  <testcase classname="pos.tests.expenses.expense.CreateExpenseTest" name="createCustomerTest" time="13.576"/>
  <system-out/>
  <testcase classname="pos.tests.expenses.expense.CreateExpenseTest" name="createCustomerTest" time="11.745"/>
  <system-out/>
  <testcase classname="pos.tests.expenses.expense.CreateExpenseTest" name="createCustomerTest" time="12.652"/>
  <system-out/>
  <testcase classname="pos.tests.expenses.expense.CreateExpenseTest" name="createCustomerTest" time="11.254"/>
  <system-out/>
  <testcase classname="pos.tests.expenses.expense.CreateExpenseTest" name="createCustomerTest" time="14.806"/>
  <system-out/>
  <testcase classname="pos.tests.expenses.expense.CreateExpenseTest" name="createCustomerTest" time="21.477"/>
  <system-out/>
  <testcase classname="pos.tests.expenses.expense.CreateExpenseTest" name="createCustomerTest" time="12.756"/>
  <system-out/>
  <testcase classname="pos.tests.expenses.expense.CreateExpenseTest" name="createCustomerTest" time="11.393"/>
  <system-out/>
  <testcase classname="pos.tests.expenses.expense.CreateExpenseTest" name="createCustomerTest" time="13.225"/>
  <system-out/>
  <testcase classname="pos.tests.expenses.expense.CreateExpenseTest" name="createCustomerTest" time="12.393"/>
  <system-out/>
</testsuite> <!-- pos.tests.expenses.expense.CreateExpenseTest -->
