<?xml version="1.0" encoding="UTF-8"?>
<!-- Generated by org.testng.reporters.JUnitReportReporter -->
<testsuite hostname="DESKTOP-NAM685B" failures="0" tests="2" name="pos.tests.products.category.UpdateCategoryTest" time="27.088" errors="0" timestamp="2024-07-10T18:02:17 ICT" skipped="0">
  <testcase classname="pos.tests.products.category.UpdateCategoryTest" name="updateCategorySuccessTest" time="16.743"/>
  <system-out/>
  <testcase classname="pos.tests.products.category.UpdateCategoryTest" name="updateCategoryFailedTest" time="10.345"/>
  <system-out/>
</testsuite> <!-- pos.tests.products.category.UpdateCategoryTest -->
