<?xml version="1.0" encoding="UTF-8"?>
<!-- Generated by org.testng.reporters.JUnitReportReporter -->
<testsuite hostname="DESKTOP-NAM685B" failures="0" tests="1" name="pos.tests.parties.customerstest.UpdateCustomerTest" time="13.161" errors="0" timestamp="2024-07-10T18:02:17 ICT" skipped="0">
  <testcase classname="pos.tests.parties.customerstest.UpdateCustomerTest" name="updateCustomerTest" time="13.161"/>
  <system-out/>
</testsuite> <!-- pos.tests.parties.customerstest.UpdateCustomerTest -->
