<?xml version="1.0" encoding="UTF-8"?>
<!-- Generated by org.testng.reporters.JUnitReportReporter -->
<testsuite hostname="DESKTOP-NAM685B" failures="0" tests="1" name="pos.tests.purchases.DeletePaymentTest" time="11.249" errors="0" timestamp="2024-07-10T18:02:17 ICT" skipped="0">
  <testcase classname="pos.tests.purchases.DeletePaymentTest" name="deletePaymentsTest" time="11.249"/>
  <system-out/>
</testsuite> <!-- pos.tests.purchases.DeletePaymentTest -->
