<?xml version="1.0" encoding="UTF-8"?>
<!-- Generated by org.testng.reporters.JUnitReportReporter -->
<testsuite hostname="DESKTOP-NAM685B" failures="0" tests="5" name="pos.tests.parties.supplierstest.CreateSupplierTest" time="95.561" errors="0" timestamp="2024-07-10T18:02:17 ICT" skipped="0">
  <testcase classname="pos.tests.parties.supplierstest.CreateSupplierTest" name="createSupplierTest" time="17.920"/>
  <system-out/>
  <testcase classname="pos.tests.parties.supplierstest.CreateSupplierTest" name="createSupplierTest" time="18.480"/>
  <system-out/>
  <testcase classname="pos.tests.parties.supplierstest.CreateSupplierTest" name="createSupplierTest" time="27.991"/>
  <system-out/>
  <testcase classname="pos.tests.parties.supplierstest.CreateSupplierTest" name="createSupplierTest" time="15.561"/>
  <system-out/>
  <testcase classname="pos.tests.parties.supplierstest.CreateSupplierTest" name="createSupplierTest" time="15.609"/>
  <system-out/>
</testsuite> <!-- pos.tests.parties.supplierstest.CreateSupplierTest -->
