<?xml version="1.0" encoding="UTF-8"?>
<!-- Generated by org.testng.reporters.JUnitReportReporter -->
<testsuite hostname="DESKTOP-NAM685B" failures="0" tests="1" name="pos.tests.usermanagement.rolespermissions.UpdateRoleTest" time="11.503" errors="0" timestamp="2024-07-10T18:02:17 ICT" skipped="0">
  <testcase classname="pos.tests.usermanagement.rolespermissions.UpdateRoleTest" name="updateRoleTest" time="11.503"/>
  <system-out/>
</testsuite> <!-- pos.tests.usermanagement.rolespermissions.UpdateRoleTest -->
