<?xml version="1.0" encoding="UTF-8"?>
<!-- Generated by org.testng.reporters.JUnitReportReporter -->
<testsuite hostname="DESKTOP-NAM685B" failures="0" tests="1" name="pos.tests.sales.VisibleSalesTableTest" time="8.970" errors="0" timestamp="2024-07-10T18:02:17 ICT" skipped="0">
  <testcase classname="pos.tests.sales.VisibleSalesTableTest" name="visibleCategoriesTable" time="8.970"/>
  <system-out/>
</testsuite> <!-- pos.tests.sales.VisibleSalesTableTest -->
